0 info it worked if it ends with ok
1 verbose cli [ '/usr/local/bin/node', '/usr/local/bin/npm', 'install', 'jsd' ]
2 info using npm@1.1.63
3 info using node@v0.8.12
4 verbose read json /squidcache/canteenfast/lampp/htdocs/node/jQuery-simple-dropdown/package.json
5 verbose read json /squidcache/canteenfast/lampp/htdocs/node/jQuery-simple-dropdown/node_modules/uglify-js/package.json
6 verbose read json /squidcache/canteenfast/lampp/htdocs/node/jQuery-simple-dropdown/package.json
7 verbose cache add [ 'jsd', null ]
8 silly cache add name=undefined spec="jsd" args=["jsd",null]
9 verbose parsed url { pathname: 'jsd', path: 'jsd', href: 'jsd' }
10 silly lockFile a5991002-jsd jsd
11 verbose lock jsd /root/.npm/a5991002-jsd.lock
12 silly lockFile a5991002-jsd jsd
13 verbose addNamed [ 'jsd', '' ]
14 verbose addNamed [ null, '' ]
15 silly lockFile 31f9365c-jsd jsd@
16 verbose lock jsd@ /root/.npm/31f9365c-jsd.lock
17 silly addNameRange { name: 'jsd', range: '', hasData: false }
18 verbose url raw jsd
19 verbose url resolving [ 'https://registry.npmjs.org/', './jsd' ]
20 verbose url resolved https://registry.npmjs.org/jsd
21 info trying registry request attempt 1 at 12:07:58
22 http GET https://registry.npmjs.org/jsd
23 http 404 https://registry.npmjs.org/jsd
24 silly registry.get cb [ 404,
24 silly registry.get   { server: 'CouchDB/1.2.0 (Erlang OTP/R15B)',
24 silly registry.get     date: 'Fri, 04 Jan 2013 17:07:37 GMT',
24 silly registry.get     'content-type': 'application/json',
24 silly registry.get     'content-length': '52',
24 silly registry.get     'cache-control': 'must-revalidate' } ]
25 silly lockFile 31f9365c-jsd jsd@
26 error 404 'jsd' is not in the npm registry.
26 error 404 You should bug the author to publish it
26 error 404
26 error 404 Note that you can also install from a
26 error 404 tarball, folder, or http url, or git url.
27 error System Linux 2.6.37-slitaz
28 error command "/usr/local/bin/node" "/usr/local/bin/npm" "install" "jsd"
29 error cwd /squidcache/canteenfast/lampp/htdocs/node/jQuery-simple-dropdown
30 error node -v v0.8.12
31 error npm -v 1.1.63
32 error code E404
33 verbose exit [ 1, true ]
